<?xml version="1.0" encoding="utf-8"?><testsuites><testsuite name="pytest" errors="0" failures="0" skipped="0" tests="32" time="0.044" timestamp="2026-09-02T14:43:56.127116" hostname="Hephaestus"><testcase classname="pc_ws_bridge.test.test_protocol" name="test_string_frame" time="0.000" /><testcase classname="pc_ws_bridge.test.test_protocol" name="test_parse_vector3_frame" time="0.000" /><testcase classname="pc_ws_bridge.test.test_protocol" name="test_rejects_non_object_root[value0]" time="0.000" /><testcase classname="pc_ws_bridge.test.test_protocol" name="test_rejects_non_object_root[text]" time="0.000" /><testcase classname="pc_ws_bridge.test.test_protocol" name="test_rejects_non_object_root[42]" time="0.000" /><testcase classname="pc_ws_bridge.test.test_protocol" name="test_rejects_non_object_root[None]" time="0.000" /><testcase classname="pc_ws_bridge.test.test_protocol" name="test_rejects_wrong_identity_fields[source]" time="0.000" /><testcase classname="pc_ws_bridge.test.test_protocol" name="test_rejects_wrong_identity_fields[type]" time="0.000" /><testcase classname="pc_ws_bridge.test.test_protocol" name="test_rejects_wrong_identity_fields[topic]" time="0.000" /><testcase classname="pc_ws_bridge.test.test_protocol" name="test_rejects_wrong_identity_fields[msg_type]" time="0.000" /><testcase classname="pc_ws_bridge.test.test_protocol" name="test_rejects_invalid_metadata[seq-True]" time="0.000" /><testcase classname="pc_ws_bridge.test.test_protocol" name="test_rejects_invalid_metadata[seq--1]" time="0.000" /><testcase classname="pc_ws_bridge.test.test_protocol" name="test_rejects_invalid_metadata[seq-1.5]" time="0.000" /><testcase classname="pc_ws_bridge.test.test_protocol" name="test_rejects_invalid_metadata[timestamp-False]" time="0.000" /><testcase classname="pc_ws_bridge.test.test_protocol" name="test_rejects_invalid_metadata[timestamp--1]" time="0.000" /><testcase classname="pc_ws_bridge.test.test_protocol" name="test_rejects_invalid_metadata[timestamp-123]" time="0.000" /><testcase classname="pc_ws_bridge.test.test_protocol" name="test_rejects_non_object_data[None]" time="0.000" /><testcase classname="pc_ws_bridge.test.test_protocol" name="test_rejects_non_object_data[value1]" time="0.000" /><testcase classname="pc_ws_bridge.test.test_protocol" name="test_rejects_non_object_data[data]" time="0.000" /><testcase classname="pc_ws_bridge.test.test_protocol" name="test_rejects_missing_or_non_numeric_components[None-x]" time="0.001" /><testcase classname="pc_ws_bridge.test.test_protocol" name="test_rejects_missing_or_non_numeric_components[None-y]" time="0.000" /><testcase classname="pc_ws_bridge.test.test_protocol" name="test_rejects_missing_or_non_numeric_components[None-z]" time="0.000" /><testcase classname="pc_ws_bridge.test.test_protocol" name="test_rejects_missing_or_non_numeric_components[1.0-x]" time="0.000" /><testcase classname="pc_ws_bridge.test.test_protocol" name="test_rejects_missing_or_non_numeric_components[1.0-y]" time="0.000" /><testcase classname="pc_ws_bridge.test.test_protocol" name="test_rejects_missing_or_non_numeric_components[1.0-z]" time="0.000" /><testcase classname="pc_ws_bridge.test.test_protocol" name="test_rejects_missing_or_non_numeric_components[True-x]" time="0.000" /><testcase classname="pc_ws_bridge.test.test_protocol" name="test_rejects_missing_or_non_numeric_components[True-y]" time="0.000" /><testcase classname="pc_ws_bridge.test.test_protocol" name="test_rejects_missing_or_non_numeric_components[True-z]" time="0.000" /><testcase classname="pc_ws_bridge.test.test_protocol" name="test_rejects_non_finite_components[nan]" time="0.000" /><testcase classname="pc_ws_bridge.test.test_protocol" name="test_rejects_non_finite_components[inf]" time="0.000" /><testcase classname="pc_ws_bridge.test.test_protocol" name="test_rejects_non_finite_components[-inf]" time="0.000" /><testcase classname="pc_ws_bridge.test.test_protocol" name="test_custom_topics_are_honored" time="0.000" /></testsuite></testsuites>