<?xml version="1.0" encoding="utf-8"?><testsuites><testsuite name="pytest" errors="0" failures="0" skipped="0" tests="9" time="0.116" timestamp="2026-09-03T03:20:05.694349" hostname="lubancat"><testcase classname="rk3576_ws_bridge.test.test_protocol" name="test_vector3_frame" time="0.002" /><testcase classname="rk3576_ws_bridge.test.test_protocol" name="test_parse_string_frame" time="0.001" /><testcase classname="rk3576_ws_bridge.test.test_protocol" name="test_rejects_wrong_identity_fields[source]" time="0.002" /><testcase classname="rk3576_ws_bridge.test.test_protocol" name="test_rejects_wrong_identity_fields[type]" time="0.003" /><testcase classname="rk3576_ws_bridge.test.test_protocol" name="test_rejects_wrong_identity_fields[topic]" time="0.003" /><testcase classname="rk3576_ws_bridge.test.test_protocol" name="test_rejects_wrong_identity_fields[msg_type]" time="0.002" /><testcase classname="rk3576_ws_bridge.test.test_protocol" name="test_rejects_invalid_metadata[seq-True]" time="0.002" /><testcase classname="rk3576_ws_bridge.test.test_protocol" name="test_rejects_invalid_metadata[seq--1]" time="0.002" /><testcase classname="rk3576_ws_bridge.test.test_protocol" name="test_rejects_invalid_metadata[timestamp-1.5]" time="0.002" /></testsuite></testsuites>