<?xml version="1.0" encoding="utf-8"?><testsuites><testsuite name="pytest" errors="0" failures="0" skipped="0" tests="71" time="0.071" timestamp="2026-09-02T16:16:06.564670" hostname="Hephaestus"><testcase classname="viewer_ws_bridge.test.test_protocol" name="test_json_round_trip" time="0.000" /><testcase classname="viewer_ws_bridge.test.test_protocol" name="test_decode_rejects_non_object[[]]" time="0.000" /><testcase classname="viewer_ws_bridge.test.test_protocol" name="test_decode_rejects_non_object[42]" time="0.000" /><testcase classname="viewer_ws_bridge.test.test_protocol" name="test_decode_rejects_non_object[&quot;text&quot;]" time="0.000" /><testcase classname="viewer_ws_bridge.test.test_protocol" name="test_decode_rejects_non_object[null]" time="0.000" /><testcase classname="viewer_ws_bridge.test.test_protocol" name="test_decode_rejects_invalid_json[{]" time="0.000" /><testcase classname="viewer_ws_bridge.test.test_protocol" name="test_decode_rejects_invalid_json[{&quot;x&quot;:NaN}]" time="0.000" /><testcase classname="viewer_ws_bridge.test.test_protocol" name="test_decode_rejects_invalid_json[{&quot;x&quot;:Infinity}]" time="0.000" /><testcase classname="viewer_ws_bridge.test.test_protocol" name="test_ping_returns_same_timestamp" time="0.000" /><testcase classname="viewer_ws_bridge.test.test_protocol" name="test_ping_rejects_invalid_timestamp[True]" time="0.000" /><testcase classname="viewer_ws_bridge.test.test_protocol" name="test_ping_rejects_invalid_timestamp[-1]" time="0.000" /><testcase classname="viewer_ws_bridge.test.test_protocol" name="test_ping_rejects_invalid_timestamp[1.2]" time="0.000" /><testcase classname="viewer_ws_bridge.test.test_protocol" name="test_ping_rejects_invalid_timestamp[123]" time="0.000" /><testcase classname="viewer_ws_bridge.test.test_protocol" name="test_ping_rejects_invalid_timestamp[None]" time="0.000" /><testcase classname="viewer_ws_bridge.test.test_protocol" name="test_control_is_normalized" time="0.000" /><testcase classname="viewer_ws_bridge.test.test_protocol" name="test_disabled_control_is_forced_safe" time="0.000" /><testcase classname="viewer_ws_bridge.test.test_protocol" name="test_control_rejects_invalid_numeric_fields[steer--1.01]" time="0.000" /><testcase classname="viewer_ws_bridge.test.test_protocol" name="test_control_rejects_invalid_numeric_fields[steer-1.01]" time="0.000" /><testcase classname="viewer_ws_bridge.test.test_protocol" name="test_control_rejects_invalid_numeric_fields[throttle--0.01]" time="0.000" /><testcase classname="viewer_ws_bridge.test.test_protocol" name="test_control_rejects_invalid_numeric_fields[throttle-1.01]" time="0.000" /><testcase classname="viewer_ws_bridge.test.test_protocol" name="test_control_rejects_invalid_numeric_fields[brake--0.01]" time="0.000" /><testcase classname="viewer_ws_bridge.test.test_protocol" name="test_control_rejects_invalid_numeric_fields[brake-1.01]" time="0.000" /><testcase classname="viewer_ws_bridge.test.test_protocol" name="test_control_rejects_invalid_numeric_fields[steer-True]" time="0.000" /><testcase classname="viewer_ws_bridge.test.test_protocol" name="test_control_rejects_invalid_numeric_fields[throttle-0.5]" time="0.000" /><testcase classname="viewer_ws_bridge.test.test_protocol" name="test_control_rejects_invalid_numeric_fields[brake-nan]" time="0.000" /><testcase classname="viewer_ws_bridge.test.test_protocol" name="test_control_rejects_invalid_gear[-2]" time="0.000" /><testcase classname="viewer_ws_bridge.test.test_protocol" name="test_control_rejects_invalid_gear[2]" time="0.000" /><testcase classname="viewer_ws_bridge.test.test_protocol" name="test_control_rejects_invalid_gear[True]" time="0.000" /><testcase classname="viewer_ws_bridge.test.test_protocol" name="test_control_rejects_invalid_gear[1.0]" time="0.000" /><testcase classname="viewer_ws_bridge.test.test_protocol" name="test_control_rejects_invalid_gear[1]" time="0.000" /><testcase classname="viewer_ws_bridge.test.test_protocol" name="test_control_rejects_invalid_mode[auto]" time="0.000" /><testcase classname="viewer_ws_bridge.test.test_protocol" name="test_control_rejects_invalid_mode[]" time="0.000" /><testcase classname="viewer_ws_bridge.test.test_protocol" name="test_control_rejects_invalid_mode[1]" time="0.000" /><testcase classname="viewer_ws_bridge.test.test_protocol" name="test_control_rejects_invalid_mode[None]" time="0.000" /><testcase classname="viewer_ws_bridge.test.test_protocol" name="test_control_rejects_non_boolean_enable[0]" time="0.000" /><testcase classname="viewer_ws_bridge.test.test_protocol" name="test_control_rejects_non_boolean_enable[1]" time="0.000" /><testcase classname="viewer_ws_bridge.test.test_protocol" name="test_control_rejects_non_boolean_enable[true]" time="0.000" /><testcase classname="viewer_ws_bridge.test.test_protocol" name="test_control_rejects_non_boolean_enable[None]" time="0.000" /><testcase classname="viewer_ws_bridge.test.test_protocol" name="test_control_rejects_invalid_sequence[0]" time="0.000" /><testcase classname="viewer_ws_bridge.test.test_protocol" name="test_control_rejects_invalid_sequence[-1]" time="0.000" /><testcase classname="viewer_ws_bridge.test.test_protocol" name="test_control_rejects_invalid_sequence[True]" time="0.000" /><testcase classname="viewer_ws_bridge.test.test_protocol" name="test_control_rejects_invalid_sequence[1.5]" time="0.000" /><testcase classname="viewer_ws_bridge.test.test_protocol" name="test_control_rejects_invalid_sequence[1]" time="0.000" /><testcase classname="viewer_ws_bridge.test.test_protocol" name="test_control_rejects_stale_or_future_timestamp[-2001]" time="0.000" /><testcase classname="viewer_ws_bridge.test.test_protocol" name="test_control_rejects_stale_or_future_timestamp[2001]" time="0.000" /><testcase classname="viewer_ws_bridge.test.test_protocol" name="test_safe_control_cannot_drive" time="0.000" /><testcase classname="viewer_ws_bridge.test.test_protocol" name="test_status_is_normalized" time="0.000" /><testcase classname="viewer_ws_bridge.test.test_protocol" name="test_status_rejects_invalid_numbers[None-x]" time="0.000" /><testcase classname="viewer_ws_bridge.test.test_protocol" name="test_status_rejects_invalid_numbers[None-y]" time="0.000" /><testcase classname="viewer_ws_bridge.test.test_protocol" name="test_status_rejects_invalid_numbers[None-yaw]" time="0.000" /><testcase classname="viewer_ws_bridge.test.test_protocol" name="test_status_rejects_invalid_numbers[None-speed]" time="0.000" /><testcase classname="viewer_ws_bridge.test.test_protocol" name="test_status_rejects_invalid_numbers[None-battery]" time="0.000" /><testcase classname="viewer_ws_bridge.test.test_protocol" name="test_status_rejects_invalid_numbers[True-x]" time="0.000" /><testcase classname="viewer_ws_bridge.test.test_protocol" name="test_status_rejects_invalid_numbers[True-y]" time="0.000" /><testcase classname="viewer_ws_bridge.test.test_protocol" name="test_status_rejects_invalid_numbers[True-yaw]" time="0.000" /><testcase classname="viewer_ws_bridge.test.test_protocol" name="test_status_rejects_invalid_numbers[True-speed]" time="0.000" /><testcase classname="viewer_ws_bridge.test.test_protocol" name="test_status_rejects_invalid_numbers[True-battery]" time="0.000" /><testcase classname="viewer_ws_bridge.test.test_protocol" name="test_status_rejects_invalid_numbers[1-x]" time="0.000" /><testcase classname="viewer_ws_bridge.test.test_protocol" name="test_status_rejects_invalid_numbers[1-y]" time="0.000" /><testcase classname="viewer_ws_bridge.test.test_protocol" name="test_status_rejects_invalid_numbers[1-yaw]" time="0.000" /><testcase classname="viewer_ws_bridge.test.test_protocol" name="test_status_rejects_invalid_numbers[1-speed]" time="0.000" /><testcase classname="viewer_ws_bridge.test.test_protocol" name="test_status_rejects_invalid_numbers[1-battery]" time="0.000" /><testcase classname="viewer_ws_bridge.test.test_protocol" name="test_status_rejects_invalid_numbers[inf-x]" time="0.000" /><testcase classname="viewer_ws_bridge.test.test_protocol" name="test_status_rejects_invalid_numbers[inf-y]" time="0.000" /><testcase classname="viewer_ws_bridge.test.test_protocol" name="test_status_rejects_invalid_numbers[inf-yaw]" time="0.000" /><testcase classname="viewer_ws_bridge.test.test_protocol" name="test_status_rejects_invalid_numbers[inf-speed]" time="0.000" /><testcase classname="viewer_ws_bridge.test.test_protocol" name="test_status_rejects_invalid_numbers[inf-battery]" time="0.000" /><testcase classname="viewer_ws_bridge.test.test_protocol" name="test_status_rejects_invalid_traffic[yellow]" time="0.000" /><testcase classname="viewer_ws_bridge.test.test_protocol" name="test_status_rejects_invalid_traffic[]" time="0.000" /><testcase classname="viewer_ws_bridge.test.test_protocol" name="test_status_rejects_invalid_traffic[1]" time="0.000" /><testcase classname="viewer_ws_bridge.test.test_protocol" name="test_status_rejects_invalid_traffic[None]" time="0.000" /></testsuite></testsuites>